<?xml version="1.0" encoding="UTF-8"?>
<testsuite xmlns:xsi="http://www.w3.org/2001/XMLSchema-instance" xsi:noNamespaceSchemaLocation="https://maven.apache.org/surefire/maven-surefire-plugin/xsd/surefire-test-report-3.0.xsd" version="3.0" name="TestSuite" time="21.11" tests="1" errors="0" skipped="0" failures="0">
  <properties>
    <property name="sun.desktop" value="windows"/>
    <property name="awt.toolkit" value="sun.awt.windows.WToolkit"/>
    <property name="java.specification.version" value="11"/>
    <property name="webdriver.chrome.driver" value="C:/Users/sayyanar/eclipse-workspace/Selenium/chromedriver_win32/chromedriver.exe"/>
    <property name="sun.cpu.isalist" value="amd64"/>
    <property name="sun.jnu.encoding" value="Cp1252"/>
    <property name="java.class.path" value="C:\Users\sayyanar\eclipse-workspace\MyLotto\target\test-classes;C:\Users\sayyanar\eclipse-workspace\MyLotto\target\classes;C:\Users\sayyanar\.m2\repository\org\testng\testng\7.4.0\testng-7.4.0.jar;C:\Users\sayyanar\.m2\repository\com\beust\jcommander\1.78\jcommander-1.78.jar;C:\Users\sayyanar\.m2\repository\org\webjars\jquery\3.5.1\jquery-3.5.1.jar;C:\Users\sayyanar\.m2\repository\org\seleniumhq\selenium\selenium-java\3.141.59\selenium-java-3.141.59.jar;C:\Users\sayyanar\.m2\repository\org\seleniumhq\selenium\selenium-api\3.141.59\selenium-api-3.141.59.jar;C:\Users\sayyanar\.m2\repository\org\seleniumhq\selenium\selenium-chrome-driver\3.141.59\selenium-chrome-driver-3.141.59.jar;C:\Users\sayyanar\.m2\repository\org\seleniumhq\selenium\selenium-edge-driver\3.141.59\selenium-edge-driver-3.141.59.jar;C:\Users\sayyanar\.m2\repository\org\seleniumhq\selenium\selenium-firefox-driver\3.141.59\selenium-firefox-driver-3.141.59.jar;C:\Users\sayyanar\.m2\repository\org\seleniumhq\selenium\selenium-ie-driver\3.141.59\selenium-ie-driver-3.141.59.jar;C:\Users\sayyanar\.m2\repository\org\seleniumhq\selenium\selenium-opera-driver\3.141.59\selenium-opera-driver-3.141.59.jar;C:\Users\sayyanar\.m2\repository\org\seleniumhq\selenium\selenium-remote-driver\3.141.59\selenium-remote-driver-3.141.59.jar;C:\Users\sayyanar\.m2\repository\org\seleniumhq\selenium\selenium-safari-driver\3.141.59\selenium-safari-driver-3.141.59.jar;C:\Users\sayyanar\.m2\repository\org\seleniumhq\selenium\selenium-support\3.141.59\selenium-support-3.141.59.jar;C:\Users\sayyanar\.m2\repository\net\bytebuddy\byte-buddy\1.8.15\byte-buddy-1.8.15.jar;C:\Users\sayyanar\.m2\repository\org\apache\commons\commons-exec\1.3\commons-exec-1.3.jar;C:\Users\sayyanar\.m2\repository\com\google\guava\guava\25.0-jre\guava-25.0-jre.jar;C:\Users\sayyanar\.m2\repository\com\google\code\findbugs\jsr305\1.3.9\jsr305-1.3.9.jar;C:\Users\sayyanar\.m2\repository\org\checkerframework\checker-compat-qual\2.0.0\checker-compat-qual-2.0.0.jar;C:\Users\sayyanar\.m2\repository\com\google\errorprone\error_prone_annotations\2.1.3\error_prone_annotations-2.1.3.jar;C:\Users\sayyanar\.m2\repository\com\google\j2objc\j2objc-annotations\1.1\j2objc-annotations-1.1.jar;C:\Users\sayyanar\.m2\repository\org\codehaus\mojo\animal-sniffer-annotations\1.14\animal-sniffer-annotations-1.14.jar;C:\Users\sayyanar\.m2\repository\com\squareup\okhttp3\okhttp\3.11.0\okhttp-3.11.0.jar;C:\Users\sayyanar\.m2\repository\com\squareup\okio\okio\1.14.0\okio-1.14.0.jar;C:\Users\sayyanar\.m2\repository\org\apache\logging\log4j\log4j-api\2.14.1\log4j-api-2.14.1.jar;C:\Users\sayyanar\.m2\repository\org\apache\poi\poi\3.9\poi-3.9.jar;C:\Users\sayyanar\.m2\repository\commons-codec\commons-codec\1.5\commons-codec-1.5.jar;C:\Users\sayyanar\.m2\repository\org\apache\poi\poi-ooxml\3.9\poi-ooxml-3.9.jar;C:\Users\sayyanar\.m2\repository\dom4j\dom4j\1.6.1\dom4j-1.6.1.jar;C:\Users\sayyanar\.m2\repository\xml-apis\xml-apis\1.0.b2\xml-apis-1.0.b2.jar;C:\Users\sayyanar\.m2\repository\org\apache\poi\poi-ooxml-schemas\3.9\poi-ooxml-schemas-3.9.jar;C:\Users\sayyanar\.m2\repository\org\apache\xmlbeans\xmlbeans\2.3.0\xmlbeans-2.3.0.jar;C:\Users\sayyanar\.m2\repository\stax\stax-api\1.0.1\stax-api-1.0.1.jar;C:\Users\sayyanar\.m2\repository\org\apache\poi\poi-scratchpad\3.9\poi-scratchpad-3.9.jar;C:\Users\sayyanar\.m2\repository\org\apache\poi\ooxml-schemas\1.1\ooxml-schemas-1.1.jar;C:\Users\sayyanar\.m2\repository\org\apache\poi\openxml4j\1.0-beta\openxml4j-1.0-beta.jar;C:\Users\sayyanar\.m2\repository\log4j\log4j\1.2.8\log4j-1.2.8.jar;C:\Users\sayyanar\.m2\repository\commons-io\commons-io\2.6\commons-io-2.6.jar;C:\Users\sayyanar\.m2\repository\com\relevantcodes\extentreports\2.41.2\extentreports-2.41.2.jar;C:\Users\sayyanar\.m2\repository\org\jsoup\jsoup\1.8.3\jsoup-1.8.3.jar;C:\Users\sayyanar\.m2\repository\org\xerial\sqlite-jdbc\3.8.11.1\sqlite-jdbc-3.8.11.1.jar;C:\Users\sayyanar\.m2\repository\org\freemarker\freemarker\2.3.23\freemarker-2.3.23.jar;C:\Users\sayyanar\.m2\repository\org\mongodb\mongodb-driver\3.0.4\mongodb-driver-3.0.4.jar;C:\Users\sayyanar\.m2\repository\org\mongodb\bson\3.0.4\bson-3.0.4.jar;C:\Users\sayyanar\.m2\repository\org\mongodb\mongodb-driver-core\3.0.4\mongodb-driver-core-3.0.4.jar;C:\Users\sayyanar\.m2\repository\com\aventstack\extentreports\5.0.9\extentreports-5.0.9.jar;C:\Users\sayyanar\.m2\repository\io\reactivex\rxjava3\rxjava\3.0.4\rxjava-3.0.4.jar;C:\Users\sayyanar\.m2\repository\org\reactivestreams\reactive-streams\1.0.3\reactive-streams-1.0.3.jar;C:\Users\sayyanar\.m2\repository\org\projectlombok\lombok\1.18.12\lombok-1.18.12.jar;C:\Users\sayyanar\.m2\repository\com\google\code\gson\gson\2.8.6\gson-2.8.6.jar;"/>
    <property name="java.vm.vendor" value="Oracle Corporation"/>
    <property name="sun.arch.data.model" value="64"/>
    <property name="user.variant" value=""/>
    <property name="java.vendor.url" value="https://openjdk.java.net/"/>
    <property name="user.timezone" value="Pacific/Auckland"/>
    <property name="java.vm.specification.version" value="11"/>
    <property name="os.name" value="Windows 10"/>
    <property name="sun.java.launcher" value="SUN_STANDARD"/>
    <property name="user.country" value="US"/>
    <property name="sun.boot.library.path" value="C:\Program Files\Java\jdk-11.0.10\bin"/>
    <property name="sun.java.command" value="C:\Users\sayyanar\AppData\Local\Temp\surefire9913950833185714303\surefirebooter-20220614092523768_3.jar C:\Users\sayyanar\AppData\Local\Temp\surefire9913950833185714303 2022-06-14T09-25-22_723-jvmRun1 surefire-20220614092523768_1tmp surefire_0-20220614092523768_2tmp"/>
    <property name="jdk.debug" value="release"/>
    <property name="surefire.test.class.path" value="C:\Users\sayyanar\eclipse-workspace\MyLotto\target\test-classes;C:\Users\sayyanar\eclipse-workspace\MyLotto\target\classes;C:\Users\sayyanar\.m2\repository\org\testng\testng\7.4.0\testng-7.4.0.jar;C:\Users\sayyanar\.m2\repository\com\beust\jcommander\1.78\jcommander-1.78.jar;C:\Users\sayyanar\.m2\repository\org\webjars\jquery\3.5.1\jquery-3.5.1.jar;C:\Users\sayyanar\.m2\repository\org\seleniumhq\selenium\selenium-java\3.141.59\selenium-java-3.141.59.jar;C:\Users\sayyanar\.m2\repository\org\seleniumhq\selenium\selenium-api\3.141.59\selenium-api-3.141.59.jar;C:\Users\sayyanar\.m2\repository\org\seleniumhq\selenium\selenium-chrome-driver\3.141.59\selenium-chrome-driver-3.141.59.jar;C:\Users\sayyanar\.m2\repository\org\seleniumhq\selenium\selenium-edge-driver\3.141.59\selenium-edge-driver-3.141.59.jar;C:\Users\sayyanar\.m2\repository\org\seleniumhq\selenium\selenium-firefox-driver\3.141.59\selenium-firefox-driver-3.141.59.jar;C:\Users\sayyanar\.m2\repository\org\seleniumhq\selenium\selenium-ie-driver\3.141.59\selenium-ie-driver-3.141.59.jar;C:\Users\sayyanar\.m2\repository\org\seleniumhq\selenium\selenium-opera-driver\3.141.59\selenium-opera-driver-3.141.59.jar;C:\Users\sayyanar\.m2\repository\org\seleniumhq\selenium\selenium-remote-driver\3.141.59\selenium-remote-driver-3.141.59.jar;C:\Users\sayyanar\.m2\repository\org\seleniumhq\selenium\selenium-safari-driver\3.141.59\selenium-safari-driver-3.141.59.jar;C:\Users\sayyanar\.m2\repository\org\seleniumhq\selenium\selenium-support\3.141.59\selenium-support-3.141.59.jar;C:\Users\sayyanar\.m2\repository\net\bytebuddy\byte-buddy\1.8.15\byte-buddy-1.8.15.jar;C:\Users\sayyanar\.m2\repository\org\apache\commons\commons-exec\1.3\commons-exec-1.3.jar;C:\Users\sayyanar\.m2\repository\com\google\guava\guava\25.0-jre\guava-25.0-jre.jar;C:\Users\sayyanar\.m2\repository\com\google\code\findbugs\jsr305\1.3.9\jsr305-1.3.9.jar;C:\Users\sayyanar\.m2\repository\org\checkerframework\checker-compat-qual\2.0.0\checker-compat-qual-2.0.0.jar;C:\Users\sayyanar\.m2\repository\com\google\errorprone\error_prone_annotations\2.1.3\error_prone_annotations-2.1.3.jar;C:\Users\sayyanar\.m2\repository\com\google\j2objc\j2objc-annotations\1.1\j2objc-annotations-1.1.jar;C:\Users\sayyanar\.m2\repository\org\codehaus\mojo\animal-sniffer-annotations\1.14\animal-sniffer-annotations-1.14.jar;C:\Users\sayyanar\.m2\repository\com\squareup\okhttp3\okhttp\3.11.0\okhttp-3.11.0.jar;C:\Users\sayyanar\.m2\repository\com\squareup\okio\okio\1.14.0\okio-1.14.0.jar;C:\Users\sayyanar\.m2\repository\org\apache\logging\log4j\log4j-api\2.14.1\log4j-api-2.14.1.jar;C:\Users\sayyanar\.m2\repository\org\apache\poi\poi\3.9\poi-3.9.jar;C:\Users\sayyanar\.m2\repository\commons-codec\commons-codec\1.5\commons-codec-1.5.jar;C:\Users\sayyanar\.m2\repository\org\apache\poi\poi-ooxml\3.9\poi-ooxml-3.9.jar;C:\Users\sayyanar\.m2\repository\dom4j\dom4j\1.6.1\dom4j-1.6.1.jar;C:\Users\sayyanar\.m2\repository\xml-apis\xml-apis\1.0.b2\xml-apis-1.0.b2.jar;C:\Users\sayyanar\.m2\repository\org\apache\poi\poi-ooxml-schemas\3.9\poi-ooxml-schemas-3.9.jar;C:\Users\sayyanar\.m2\repository\org\apache\xmlbeans\xmlbeans\2.3.0\xmlbeans-2.3.0.jar;C:\Users\sayyanar\.m2\repository\stax\stax-api\1.0.1\stax-api-1.0.1.jar;C:\Users\sayyanar\.m2\repository\org\apache\poi\poi-scratchpad\3.9\poi-scratchpad-3.9.jar;C:\Users\sayyanar\.m2\repository\org\apache\poi\ooxml-schemas\1.1\ooxml-schemas-1.1.jar;C:\Users\sayyanar\.m2\repository\org\apache\poi\openxml4j\1.0-beta\openxml4j-1.0-beta.jar;C:\Users\sayyanar\.m2\repository\log4j\log4j\1.2.8\log4j-1.2.8.jar;C:\Users\sayyanar\.m2\repository\commons-io\commons-io\2.6\commons-io-2.6.jar;C:\Users\sayyanar\.m2\repository\com\relevantcodes\extentreports\2.41.2\extentreports-2.41.2.jar;C:\Users\sayyanar\.m2\repository\org\jsoup\jsoup\1.8.3\jsoup-1.8.3.jar;C:\Users\sayyanar\.m2\repository\org\xerial\sqlite-jdbc\3.8.11.1\sqlite-jdbc-3.8.11.1.jar;C:\Users\sayyanar\.m2\repository\org\freemarker\freemarker\2.3.23\freemarker-2.3.23.jar;C:\Users\sayyanar\.m2\repository\org\mongodb\mongodb-driver\3.0.4\mongodb-driver-3.0.4.jar;C:\Users\sayyanar\.m2\repository\org\mongodb\bson\3.0.4\bson-3.0.4.jar;C:\Users\sayyanar\.m2\repository\org\mongodb\mongodb-driver-core\3.0.4\mongodb-driver-core-3.0.4.jar;C:\Users\sayyanar\.m2\repository\com\aventstack\extentreports\5.0.9\extentreports-5.0.9.jar;C:\Users\sayyanar\.m2\repository\io\reactivex\rxjava3\rxjava\3.0.4\rxjava-3.0.4.jar;C:\Users\sayyanar\.m2\repository\org\reactivestreams\reactive-streams\1.0.3\reactive-streams-1.0.3.jar;C:\Users\sayyanar\.m2\repository\org\projectlombok\lombok\1.18.12\lombok-1.18.12.jar;C:\Users\sayyanar\.m2\repository\com\google\code\gson\gson\2.8.6\gson-2.8.6.jar;"/>
    <property name="sun.cpu.endian" value="little"/>
    <property name="user.home" value="C:\Users\sayyanar"/>
    <property name="user.language" value="en"/>
    <property name="java.specification.vendor" value="Oracle Corporation"/>
    <property name="java.version.date" value="2021-01-19"/>
    <property name="java.home" value="C:\Program Files\Java\jdk-11.0.10"/>
    <property name="file.separator" value="\"/>
    <property name="basedir" value="C:\Users\sayyanar\eclipse-workspace\MyLotto"/>
    <property name="java.vm.compressedOopsMode" value="Zero based"/>
    <property name="line.separator" value="&#10;"/>
    <property name="java.specification.name" value="Java Platform API Specification"/>
    <property name="java.vm.specification.vendor" value="Oracle Corporation"/>
    <property name="java.awt.graphicsenv" value="sun.awt.Win32GraphicsEnvironment"/>
    <property name="surefire.real.class.path" value="C:\Users\sayyanar\AppData\Local\Temp\surefire9913950833185714303\surefirebooter-20220614092523768_3.jar"/>
    <property name="user.script" value=""/>
    <property name="sun.management.compiler" value="HotSpot 64-Bit Tiered Compilers"/>
    <property name="java.runtime.version" value="11.0.10+8-LTS-162"/>
    <property name="user.name" value="sayyanar"/>
    <property name="path.separator" value=";"/>
    <property name="os.version" value="10.0"/>
    <property name="java.runtime.name" value="Java(TM) SE Runtime Environment"/>
    <property name="file.encoding" value="Cp1252"/>
    <property name="java.vm.name" value="Java HotSpot(TM) 64-Bit Server VM"/>
    <property name="java.vendor.version" value="18.9"/>
    <property name="localRepository" value="C:\Users\sayyanar\.m2\repository"/>
    <property name="java.vendor.url.bug" value="https://bugreport.java.com/bugreport/"/>
    <property name="java.io.tmpdir" value="C:\Users\sayyanar\AppData\Local\Temp\"/>
    <property name="java.version" value="11.0.10"/>
    <property name="user.dir" value="C:\Users\sayyanar\eclipse-workspace\MyLotto"/>
    <property name="os.arch" value="amd64"/>
    <property name="java.vm.specification.name" value="Java Virtual Machine Specification"/>
    <property name="java.awt.printerjob" value="sun.awt.windows.WPrinterJob"/>
    <property name="sun.os.patch.level" value=""/>
    <property name="java.library.path" value="C:\Program Files\Java\jdk-11.0.10\bin;C:\WINDOWS\Sun\Java\bin;C:\WINDOWS\system32;C:\WINDOWS;C:/Users/sayyanar/.p2/pool/plugins/org.eclipse.justj.openjdk.hotspot.jre.full.win32.x86_64_15.0.1.v20201027-0507/jre/bin/server;C:/Users/sayyanar/.p2/pool/plugins/org.eclipse.justj.openjdk.hotspot.jre.full.win32.x86_64_15.0.1.v20201027-0507/jre/bin;C:\WINDOWS\system32;C:\WINDOWS;C:\WINDOWS\System32\Wbem;C:\WINDOWS\System32\WindowsPowerShell\v1.0\;C:\Program Files\Intel\WiFi\bin\;C:\Program Files\Common Files\Intel\WirelessCommon\;C:\Program Files\nodejs\;C:\Program Files\Java\jdk-11.0.10\bin;C:\Program Files\Git\cmd;C:\Program Files\PuTTY\;C:\Users\sayyanar\AppData\Local\Microsoft\WindowsApps;C:\Users\sayyanar\AppData\Roaming\npm;;C:\WINDOWS\System32;;."/>
    <property name="java.vendor" value="Oracle Corporation"/>
    <property name="java.vm.info" value="mixed mode"/>
    <property name="java.vm.version" value="11.0.10+8-LTS-162"/>
    <property name="sun.io.unicode.encoding" value="UnicodeLittle"/>
    <property name="java.class.version" value="55.0"/>
  </properties>
  <testcase name="RegistrationForm[a.subbu1984@gmail.com, Subramani, Ayyanar, Password1, Password1, 25, `1963, 4123321](1)" classname="com.mylotto.qa.testcases.RegistrationMyLotto" time="8.308">
    <system-out><![CDATA[Before navigating to: 'https://2.cat.mylotto.co.nz/'
Navigated to:'https://2.cat.mylotto.co.nz/'
Trying to find Element By : By.id: nav-menu-main-signup-link
Found Element By : By.id: nav-menu-main-signup-link
Trying to click on: [[ChromeDriver: chrome on WINDOWS (5e6d1449dcc1654930c0966a026d1e6b)] -> id: nav-menu-main-signup-link]
Clicked on: [[ChromeDriver: chrome on WINDOWS (5e6d1449dcc1654930c0966a026d1e6b)] -> id: nav-menu-main-signup-link]
Trying to find Element By : By.xpath: /html/body/div[1]/div/div/div[1]/div[4]/div/ul/li/button
Found Element By : By.xpath: /html/body/div[1]/div/div/div[1]/div[4]/div/ul/li/button
Trying to click on: [[ChromeDriver: chrome on WINDOWS (5e6d1449dcc1654930c0966a026d1e6b)] -> xpath: /html/body/div[1]/div/div/div[1]/div[4]/div/ul/li/button]
Clicked on: [[ChromeDriver: chrome on WINDOWS (5e6d1449dcc1654930c0966a026d1e6b)] -> xpath: /html/body/div[1]/div/div/div[1]/div[4]/div/ul/li/button]
Trying to find Element By : By.id: email
Found Element By : By.id: email
Trying to find Element By : By.id: password
Found Element By : By.id: password
Trying to find Element By : By.name: password2
Found Element By : By.name: password2
Trying to find Element By : By.name: firstName
Found Element By : By.name: firstName
Trying to find Element By : By.name: lastName
Found Element By : By.name: lastName
Trying to find Element By : By.name: dobDay
Found Element By : By.name: dobDay
Trying to find Element By : By.name: dobMonth
Found Element By : By.name: dobMonth
Trying to find Element By : By.xpath: .//option[normalize-space(.) = "September"]
Found Element By : By.xpath: .//option[normalize-space(.) = "September"]
Trying to click on: [[[[ChromeDriver: chrome on WINDOWS (5e6d1449dcc1654930c0966a026d1e6b)] -> name: dobMonth]] -> xpath: .//option[normalize-space(.) = "September"]]
Clicked on: [[[[ChromeDriver: chrome on WINDOWS (5e6d1449dcc1654930c0966a026d1e6b)] -> name: dobMonth]] -> xpath: .//option[normalize-space(.) = "September"]]
Trying to find Element By : By.name: dobYear
Found Element By : By.name: dobYear
Trying to find Element By : By.id: label-male
Found Element By : By.id: label-male
Trying to click on: [[ChromeDriver: chrome on WINDOWS (5e6d1449dcc1654930c0966a026d1e6b)] -> id: label-male]
Clicked on: [[ChromeDriver: chrome on WINDOWS (5e6d1449dcc1654930c0966a026d1e6b)] -> id: label-male]
Trying to find Element By : By.id: mobilePhoneNumber
Found Element By : By.id: mobilePhoneNumber
Trying to find Element By : By.name: location
Found Element By : By.name: location
Trying to find Element By : By.xpath: .//option[normalize-space(.) = "Marlborough"]
Found Element By : By.xpath: .//option[normalize-space(.) = "Marlborough"]
Trying to click on: [[[[ChromeDriver: chrome on WINDOWS (5e6d1449dcc1654930c0966a026d1e6b)] -> name: location]] -> xpath: .//option[normalize-space(.) = "Marlborough"]]
Clicked on: [[[[ChromeDriver: chrome on WINDOWS (5e6d1449dcc1654930c0966a026d1e6b)] -> name: location]] -> xpath: .//option[normalize-space(.) = "Marlborough"]]
Trying to find Element By : By.name: city
Found Element By : By.name: city
Trying to find Element By : By.xpath: .//option[normalize-space(.) = "Marlborough"]
Found Element By : By.xpath: .//option[normalize-space(.) = "Marlborough"]
Trying to click on: [[[[ChromeDriver: chrome on WINDOWS (5e6d1449dcc1654930c0966a026d1e6b)] -> name: city]] -> xpath: .//option[normalize-space(.) = "Marlborough"]]
Clicked on: [[[[ChromeDriver: chrome on WINDOWS (5e6d1449dcc1654930c0966a026d1e6b)] -> name: city]] -> xpath: .//option[normalize-space(.) = "Marlborough"]]
I am in RegistrationForm
a.subbu1984@gmail.com  via csv
Subramani  via csv
Ayyanar  via csv
Password1  via csv
Password1  via csv
4123321  via csv
]]></system-out>
    <system-err><![CDATA[Starting ChromeDriver 101.0.4951.41 (93c720db8323b3ec10d056025ab95c23a31997c9-refs/branch-heads/4951@{#904}) on port 43341
Only local connections are allowed.
Please see https://chromedriver.chromium.org/security-considerations for suggestions on keeping ChromeDriver safe.
ChromeDriver was started successfully.
[1655155530.652][WARNING]: This version of ChromeDriver has not been tested with Chrome version 102.
Jun 14, 2022 9:25:31 AM org.openqa.selenium.remote.ProtocolHandshake createSession
INFO: Detected dialect: W3C
]]></system-err>
  </testcase>
</testsuite>