<?xml version="1.0" encoding="UTF-8"?>
<!-- Generated by org.testng.reporters.JUnitReportReporter -->
<testsuite hostname="LNZLT079" failures="0" tests="3" name="com.mylotto.qa.testcases.RegistrationTest2" time="41.394" errors="0" timestamp="2021-05-19T14:40:02 NZST" skipped="0">
  <testcase classname="com.mylotto.qa.testcases.RegistrationTest2" name="RegistrationForm" time="13.775"/>
  <system-out/>
  <testcase classname="com.mylotto.qa.testcases.RegistrationTest2" name="RegistrationForm" time="13.336"/>
  <system-out/>
  <testcase classname="com.mylotto.qa.testcases.RegistrationTest2" name="RegistrationForm" time="14.283"/>
  <system-out/>
</testsuite> <!-- com.mylotto.qa.testcases.RegistrationTest2 -->
