<?xml version="1.0" encoding="UTF-8"?>
<!-- Generated by org.testng.reporters.JUnitReportReporter -->
<testsuite hostname="LNZLT079" failures="0" tests="2" name="com.mylotto.qa.testcases.LottoDips" time="49.953" errors="0" timestamp="2022-06-10T18:12:42 NZST" skipped="0">
  <testcase classname="com.mylotto.qa.testcases.LottoDips" name="LoginDetails" time="25.841"/>
  <system-out/>
  <testcase classname="com.mylotto.qa.testcases.LottoDips" name="LoginDetails" time="24.112"/>
  <system-out/>
</testsuite> <!-- com.mylotto.qa.testcases.LottoDips -->
