<?xml version="1.0" encoding="UTF-8"?>
<!-- Generated by org.testng.reporters.JUnitReportReporter -->
<testsuite hostname="LNZLT079" failures="0" tests="5" name="com.mylotto.qa.testcases.RegistrationMyLotto" time="167.595" errors="0" timestamp="2022-05-18T10:00:50 NZST" skipped="0">
  <testcase classname="com.mylotto.qa.testcases.RegistrationMyLotto" name="RegistrationForm" time="33.865"/>
  <system-out/>
  <testcase classname="com.mylotto.qa.testcases.RegistrationMyLotto" name="RegistrationForm" time="31.874"/>
  <system-out/>
  <testcase classname="com.mylotto.qa.testcases.RegistrationMyLotto" name="RegistrationForm" time="34.205"/>
  <system-out/>
  <testcase classname="com.mylotto.qa.testcases.RegistrationMyLotto" name="RegistrationForm" time="34.238"/>
  <system-out/>
  <testcase classname="com.mylotto.qa.testcases.RegistrationMyLotto" name="RegistrationForm" time="33.413"/>
  <system-out/>
</testsuite> <!-- com.mylotto.qa.testcases.RegistrationMyLotto -->
