<?xml version="1.0" encoding="UTF-8"?>
<!-- Generated by org.testng.reporters.JUnitReportReporter -->
<testsuite hostname="LNZLT079" failures="0" tests="1" name="com.mylotto.qa.testcases.RegistrationTest" time="14.024" errors="0" timestamp="2021-05-19T12:04:05 NZST" skipped="0">
  <testcase classname="com.mylotto.qa.testcases.RegistrationTest" name="RegistrationForm" time="14.024"/>
  <system-out/>
</testsuite> <!-- com.mylotto.qa.testcases.RegistrationTest -->
