<?xml version="1.0" encoding="UTF-8"?>
<!-- Generated by org.testng.reporters.JUnitReportReporter -->
<testsuite hostname="LNZLT079" failures="0" tests="2" name="com.mylotto.qa.testcases.LoginTest" time="14.322" errors="0" timestamp="2021-05-10T10:11:16 NZST" skipped="0">
  <testcase classname="com.mylotto.qa.testcases.LoginTest" name="validateLoginPageTitle" time="5.712"/>
  <system-out/>
  <testcase classname="com.mylotto.qa.testcases.LoginTest" name="loginTestMyLotto" time="8.610"/>
  <system-out/>
</testsuite> <!-- com.mylotto.qa.testcases.LoginTest -->
