<?xml version="1.0" encoding="UTF-8"?>
<!-- Generated by org.testng.reporters.JUnitReportReporter -->
<testsuite hostname="LNZLT079" failures="0" tests="2" name="com.mylotto.qa.testcases.LoginTest" time="17.518" errors="0" timestamp="2022-05-17T13:37:51 NZST" skipped="0">
  <testcase classname="com.mylotto.qa.testcases.LoginTest" name="validateLoginPageTitle" time="8.711"/>
  <system-out/>
  <testcase classname="com.mylotto.qa.testcases.LoginTest" name="loginTestMyLotto" time="8.807"/>
  <system-out/>
</testsuite> <!-- com.mylotto.qa.testcases.LoginTest -->
