<?xml version="1.0" encoding="UTF-8"?>
<!-- Generated by org.testng.reporters.JUnitReportReporter -->
<testsuite hostname="LNZLT079" failures="0" tests="2" name="com.mylotto.qa.testcases.LoginTest" time="17.973" errors="0" timestamp="2021-06-03T09:41:43 NZST" skipped="0">
  <testcase classname="com.mylotto.qa.testcases.LoginTest" name="validateLoginPageTitle" time="8.774"/>
  <system-out/>
  <testcase classname="com.mylotto.qa.testcases.LoginTest" name="loginTestMyLotto" time="9.199"/>
  <system-out/>
</testsuite> <!-- com.mylotto.qa.testcases.LoginTest -->
