<?xml version="1.0" encoding="UTF-8"?>
<!-- Generated by org.testng.reporters.JUnitReportReporter -->
<testsuite hostname="LNZLT079" failures="0" tests="2" name="com.mylotto.qa.testcases.RegistrationMyLotto" time="34.422" errors="0" timestamp="2021-06-03T14:08:31 NZST" skipped="0">
  <testcase classname="com.mylotto.qa.testcases.RegistrationMyLotto" name="RegistrationForm" time="17.315"/>
  <system-out/>
  <testcase classname="com.mylotto.qa.testcases.RegistrationMyLotto" name="RegistrationForm" time="17.107"/>
  <system-out/>
</testsuite> <!-- com.mylotto.qa.testcases.RegistrationMyLotto -->
