<?xml version="1.0" encoding="UTF-8"?>
<!-- Generated by org.testng.reporters.JUnitReportReporter -->
<testsuite hostname="LNZLT079" failures="0" tests="1" name="com.mylotto.qa.testcases.RegistrationMyLotto" time="18.372" errors="0" timestamp="2022-05-20T14:29:20 NZST" skipped="0">
  <testcase classname="com.mylotto.qa.testcases.RegistrationMyLotto" name="RegistrationForm" time="18.372"/>
  <system-out/>
</testsuite> <!-- com.mylotto.qa.testcases.RegistrationMyLotto -->
