<?xml version="1.0" encoding="UTF-8"?>
<!-- Generated by org.testng.reporters.JUnitReportReporter -->
<testsuite hostname="LNZLT079" failures="0" tests="2" name="com.mylotto.qa.testcases.RegistrationMyLotto" time="35.869" errors="0" timestamp="2022-05-12T19:35:16 NZST" skipped="0">
  <testcase classname="com.mylotto.qa.testcases.RegistrationMyLotto" name="RegistrationForm" time="18.980"/>
  <system-out/>
  <testcase classname="com.mylotto.qa.testcases.RegistrationMyLotto" name="RegistrationForm" time="16.889"/>
  <system-out/>
</testsuite> <!-- com.mylotto.qa.testcases.RegistrationMyLotto -->
